
2023/09/02 (21:39:35) | ===> btop++ v.1.2.13
2023/09/02 (21:39:35) | ERROR: Stall in Runner thread, restarting!
2023/09/02 (21:45:03) | ERROR: Stall in Runner thread, restarting!
2023/09/02 (21:50:45) | ERROR: Stall in Runner thread, restarting!

2023/12/04 (17:07:09) | ===> btop++ v.1.2.13
2023/12/04 (17:07:09) | WARNING: Error in Mem::collect() : filesystem error: cannot get file time: No such file or directory [/etc/fstab]
2023/12/04 (17:07:09) | ERROR: Exception in runner thread -> Proc:: -> filesystem error: cannot get file time: No such file or directory [/etc/passwd]

2024/02/03 (17:41:11) | ===> btop++ v.1.2.13
2024/02/03 (17:41:11) | ERROR: Stall in Runner thread, restarting!

2024/02/24 (16:12:17) | ===> btop++ v.1.3.0
2024/02/24 (16:12:17) | WARNING: Failed to get disk/partition stats for mount "/run/media/jkyon/Seagate\040Backup\040Plus\040Drive" with statvfs error code: 2. Ignoring...

2024/03/01 (02:24:08) | ===> btop++ v.1.3.0
2024/03/01 (02:24:08) | ERROR: Stall in Runner thread, restarting!

2024/03/04 (13:00:25) | ===> btop++ v.1.3.0
2024/03/04 (13:00:25) | ERROR: Stall in Runner thread, restarting!
2024/03/04 (13:00:36) | ERROR: Stall in Runner thread, restarting!
2024/03/04 (13:00:48) | ERROR: Stall in Runner thread, restarting!

2024/03/07 (05:07:28) | ===> btop++ v.1.3.0
2024/03/07 (05:07:28) | WARNING: Failed to get disk/partition stats for mount "/run/user/1000/doc" with statvfs error code: 1. Ignoring...
2024/03/07 (05:07:28) | WARNING: Failed to get disk/partition stats for mount "/run/docker/netns/default" with statvfs error code: 13. Ignoring...
2024/03/07 (05:07:28) | WARNING: Failed to get disk/partition stats for mount "/var/lib/docker/overlay2/b78a3bfebab33f39dc3138ad3da7cfedd540d8065f1d7cc03c7df8e669ea234d/merged" with statvfs error code: 13. Ignoring...

2024/04/25 (21:22:37) | ===> btop++ v.1.3.2
2024/04/25 (21:22:37) | WARNING: Failed to get disk/partition stats for mount "/var/tmp/portage/sys-kernel/gentoo-kernel-bin-6.6.28/temp/grub-btrfs.RCf9mY7Fyu" with statvfs error code: 13. Ignoring...

2024/06/12 (19:12:06) | ===> btop++ v.1.3.2
2024/06/12 (19:13:15) | ERROR: Stall in Runner thread, restarting!
2024/06/12 (19:14:17) | ERROR: Stall in Runner thread, restarting!
2024/06/12 (19:14:28) | ERROR: Stall in Runner thread, restarting!
2024/06/12 (19:15:42) | ERROR: Stall in Runner thread, restarting!
2024/06/12 (19:16:35) | ERROR: Stall in Runner thread, restarting!

2024/06/27 (21:13:23) | ===> btop++ v.1.3.2
2024/06/27 (21:13:23) | ERROR: Exception during Config::unlock() : unordered_map::at

2024/07/23 (23:32:20) | ===> btop++ v.1.3.2
2024/07/23 (23:37:38) | ERROR: Stall in Runner thread, restarting!
2024/07/24 (00:13:10) | ERROR: Stall in Runner thread, restarting!
2024/07/24 (00:32:00) | ERROR: Stall in Runner thread, restarting!
2024/07/24 (00:52:12) | ERROR: Stall in Runner thread, restarting!
2024/07/24 (01:09:00) | ERROR: Stall in Runner thread, restarting!

2024/08/20 (20:59:08) | ===> btop++ v.1.3.2
2024/08/20 (20:59:08) | ERROR: Stall in Runner thread, restarting!

2024/08/30 (09:36:38) | ===> btop++ v.1.3.2
2024/08/30 (09:36:41) | ERROR: Stall in Runner thread, restarting!
2024/08/30 (09:37:28) | ERROR: Stall in Runner thread, restarting!
2024/08/30 (09:38:16) | ERROR: Stall in Runner thread, restarting!
2024/08/30 (09:39:07) | ERROR: Stall in Runner thread, restarting!
2024/08/30 (09:39:55) | ERROR: Stall in Runner thread, restarting!
2024/08/30 (09:40:30) | ERROR: Stall in Runner thread, restarting!

2024/12/26 (11:23:58) | ===> btop++ v.1.3.2
2024/12/26 (11:23:58) | WARNING: Failed to set locale pt_BR.utf8 continuing anyway.

2024/12/26 (11:24:10) | ===> btop++ v.1.3.2
2024/12/26 (11:24:10) | WARNING: Failed to set locale pt_BR.utf8 continuing anyway.

2024/12/26 (11:24:17) | ===> btop++ v.1.3.2
2024/12/26 (11:24:17) | WARNING: Failed to set locale pt_BR.utf8 continuing anyway.

2025/02/10 (19:28:00) | ===> btop++ v.1.4.0
2025/02/10 (19:28:00) | WARNING: ROCm SMI: Failed to get maximum GPU temperature, defaulting to 110°C

2025/03/11 (09:05:22) | ===> btop++ v.1.4.0
2025/03/11 (09:05:22) | WARNING: ROCm SMI: Failed to get maximum GPU temperature, defaulting to 110°C
2025/03/18 (03:25:39) | WARNING: ROCm SMI: Failed to get VRAM utilization
2025/03/18 (03:25:39) | WARNING: ROCm SMI: Failed to get GPU clock speed: 
2025/03/18 (03:25:39) | WARNING: ROCm SMI: Failed to get VRAM clock speed: 
2025/03/18 (03:25:39) | WARNING: ROCm SMI: Failed to get GPU power usage
2025/03/18 (03:25:39) | WARNING: ROCm SMI: Failed to get GPU temperature
2025/03/18 (03:25:40) | WARNING: ROCm SMI: Failed to get VRAM utilization
2025/03/18 (03:25:40) | WARNING: ROCm SMI: Failed to get GPU clock speed: 
2025/03/18 (03:25:40) | WARNING: ROCm SMI: Failed to get VRAM clock speed: 
2025/03/18 (03:25:40) | WARNING: ROCm SMI: Failed to get GPU power usage
2025/03/18 (03:25:40) | WARNING: ROCm SMI: Failed to get GPU temperature

2025/03/18 (04:57:03) | ===> btop++ v.1.4.0
2025/03/18 (04:57:03) | WARNING: ROCm SMI: Failed to get maximum GPU temperature, defaulting to 110°C
2025/03/18 (04:57:03) | WARNING: ROCm SMI: Failed to get PCIe throughput

2025/03/23 (10:15:19) | ===> btop++ v.1.4.0
2025/03/23 (10:15:19) | WARNING: ROCm SMI: Failed to get maximum GPU temperature, defaulting to 110°C
2025/03/23 (10:15:19) | WARNING: ROCm SMI: Failed to get PCIe throughput

2025/03/23 (15:37:00) | ===> btop++ v.1.4.0
2025/03/23 (15:37:00) | WARNING: ROCm SMI: Failed to get maximum GPU temperature, defaulting to 110°C
2025/03/23 (15:37:00) | WARNING: ROCm SMI: Failed to get PCIe throughput

2025/03/24 (19:50:42) | ===> btop++ v.1.4.0
2025/03/24 (19:50:42) | WARNING: ROCm SMI: Failed to get maximum GPU temperature, defaulting to 110°C
2025/03/24 (19:50:42) | WARNING: ROCm SMI: Failed to get PCIe throughput

2025/03/24 (21:56:40) | ===> btop++ v.1.4.0
2025/03/24 (21:56:40) | WARNING: ROCm SMI: Failed to get maximum GPU temperature, defaulting to 110°C
2025/03/24 (21:56:40) | WARNING: ROCm SMI: Failed to get PCIe throughput
2025/03/27 (03:45:23) | ERROR: Stall in Runner thread, restarting!

2025/03/27 (03:48:35) | ===> btop++ v.1.4.0
2025/03/27 (03:48:35) | WARNING: ROCm SMI: Failed to get maximum GPU temperature, defaulting to 110°C
2025/03/27 (03:48:35) | WARNING: ROCm SMI: Failed to get PCIe throughput

2025/03/27 (06:49:00) | ===> btop++ v.1.4.0
2025/03/27 (06:49:00) | WARNING: ROCm SMI: Failed to get maximum GPU temperature, defaulting to 110°C
2025/03/27 (06:49:00) | WARNING: ROCm SMI: Failed to get PCIe throughput

2025/03/27 (07:40:40) | ===> btop++ v.1.4.0
2025/03/27 (07:40:40) | WARNING: ROCm SMI: Failed to get maximum GPU temperature, defaulting to 110°C
2025/03/27 (07:40:40) | WARNING: ROCm SMI: Failed to get PCIe throughput
2025/04/04 (20:52:52) | WARNING: Failed to get disk/partition stats for mount "/var/tmp/portage/sys-kernel/gentoo-kernel-bin-6.12.21/temp/grub-btrfs.xZE0ImKJfj" with statvfs error code: 13. Ignoring...

2025/04/13 (03:24:35) | ===> btop++ v.1.4.0
2025/04/13 (03:24:35) | WARNING: ROCm SMI: Failed to get maximum GPU temperature, defaulting to 110°C
2025/04/13 (03:24:36) | WARNING: ROCm SMI: Failed to get PCIe throughput

2025/04/13 (18:40:47) | ===> btop++ v.1.4.0
2025/04/13 (18:40:47) | WARNING: ROCm SMI: Failed to get maximum GPU temperature, defaulting to 110°C
2025/04/13 (18:40:47) | WARNING: ROCm SMI: Failed to get PCIe throughput

2025/04/18 (11:14:20) | ===> btop++ v.1.4.0
2025/04/18 (11:14:20) | WARNING: ROCm SMI: Failed to get maximum GPU temperature, defaulting to 110°C
2025/04/18 (11:14:20) | WARNING: ROCm SMI: Failed to get PCIe throughput

2025/04/18 (17:31:30) | ===> btop++ v.1.4.0
2025/04/18 (17:31:30) | WARNING: ROCm SMI: Failed to get maximum GPU temperature, defaulting to 110°C
2025/04/18 (17:31:30) | WARNING: ROCm SMI: Failed to get PCIe throughput

2025/04/19 (19:31:17) | ===> btop++ v.1.4.0
2025/04/19 (19:31:17) | WARNING: ROCm SMI: Failed to get maximum GPU temperature, defaulting to 110°C
2025/04/19 (19:31:17) | WARNING: ROCm SMI: Failed to get PCIe throughput

2025/04/19 (19:46:49) | ===> btop++ v.1.4.0
2025/04/19 (19:46:49) | WARNING: ROCm SMI: Failed to get maximum GPU temperature, defaulting to 110°C
2025/04/19 (19:46:49) | WARNING: ROCm SMI: Failed to get PCIe throughput

2025/04/25 (13:46:20) | ===> btop++ v.1.4.0
2025/04/25 (13:46:20) | WARNING: ROCm SMI: Failed to get maximum GPU temperature, defaulting to 110°C
2025/04/25 (13:46:20) | WARNING: ROCm SMI: Failed to get PCIe throughput

2025/04/25 (18:48:44) | ===> btop++ v.1.4.0
2025/04/25 (18:48:44) | WARNING: ROCm SMI: Failed to get maximum GPU temperature, defaulting to 110°C
2025/04/25 (18:48:44) | WARNING: ROCm SMI: Failed to get PCIe throughput

2025/04/27 (11:37:02) | ===> btop++ v.1.4.0
2025/04/27 (11:37:02) | WARNING: ROCm SMI: Failed to get maximum GPU temperature, defaulting to 110°C
2025/04/27 (11:37:02) | WARNING: ROCm SMI: Failed to get PCIe throughput
